\BOOKMARK [0][-]{chapter.1}{\376\377\000T\000h\000i\000s\000\040\000i\000s\000\040\000a\000\040\000C\000h\000a\000p\000t\000e\000r}{}% 1
\BOOKMARK [1][-]{section.1.1}{\376\377\000T\000h\000i\000s\000\040\000i\000s\000\040\000a\000\040\000s\000e\000c\000t\000i\000o\000n}{chapter.1}% 2
\BOOKMARK [2][-]{subsection.1.1.1}{\376\377\000T\000h\000i\000s\000\040\000i\000s\000\040\000a\000\040\000s\000u\000b\000s\000e\000c\000t\000i\000o\000n}{section.1.1}% 3
\BOOKMARK [2][-]{subsection.1.1.2}{\376\377\000T\000h\000i\000s\000\040\000i\000s\000\040\000a\000\040\000s\000u\000b\000s\000e\000c\000t\000i\000o\000n}{section.1.1}% 4
\BOOKMARK [1][-]{section.1.2}{\376\377\000T\000h\000i\000s\000\040\000i\000s\000\040\000a\000\040\000s\000e\000c\000t\000i\000o\000n}{chapter.1}% 5
\BOOKMARK [2][-]{subsection.1.2.1}{\376\377\000T\000h\000i\000s\000\040\000i\000s\000\040\000a\000\040\000s\000u\000b\000s\000e\000c\000t\000i\000o\000n}{section.1.2}% 6
\BOOKMARK [2][-]{subsection.1.2.2}{\376\377\000T\000h\000i\000s\000\040\000i\000s\000\040\000a\000\040\000s\000u\000b\000s\000e\000c\000t\000i\000o\000n}{section.1.2}% 7
\BOOKMARK [0][-]{chapter.2}{\376\377\000T\000h\000i\000s\000\040\000i\000s\000\040\000a\000\040\000C\000h\000a\000p\000t\000e\000r}{}% 8
\BOOKMARK [1][-]{section.2.1}{\376\377\000T\000h\000i\000s\000\040\000i\000s\000\040\000a\000\040\000s\000e\000c\000t\000i\000o\000n}{chapter.2}% 9
\BOOKMARK [2][-]{subsection.2.1.1}{\376\377\000T\000h\000i\000s\000\040\000i\000s\000\040\000a\000\040\000s\000u\000b\000s\000e\000c\000t\000i\000o\000n}{section.2.1}% 10
\BOOKMARK [2][-]{subsection.2.1.2}{\376\377\000T\000h\000i\000s\000\040\000i\000s\000\040\000a\000\040\000s\000u\000b\000s\000e\000c\000t\000i\000o\000n}{section.2.1}% 11
\BOOKMARK [1][-]{section.2.2}{\376\377\000T\000h\000i\000s\000\040\000i\000s\000\040\000a\000\040\000s\000e\000c\000t\000i\000o\000n}{chapter.2}% 12
\BOOKMARK [2][-]{subsection.2.2.1}{\376\377\000T\000h\000i\000s\000\040\000i\000s\000\040\000a\000\040\000s\000u\000b\000s\000e\000c\000t\000i\000o\000n}{section.2.2}% 13
\BOOKMARK [2][-]{subsection.2.2.2}{\376\377\000T\000h\000i\000s\000\040\000i\000s\000\040\000a\000\040\000s\000u\000b\000s\000e\000c\000t\000i\000o\000n}{section.2.2}% 14
\BOOKMARK [0][-]{chapter.3}{\376\377\000T\000h\000i\000s\000\040\000i\000s\000\040\000a\000\040\000C\000h\000a\000p\000t\000e\000r}{}% 15
\BOOKMARK [1][-]{section.3.1}{\376\377\000T\000h\000i\000s\000\040\000i\000s\000\040\000a\000\040\000s\000e\000c\000t\000i\000o\000n}{chapter.3}% 16
\BOOKMARK [2][-]{subsection.3.1.1}{\376\377\000T\000h\000i\000s\000\040\000i\000s\000\040\000a\000\040\000s\000u\000b\000s\000e\000c\000t\000i\000o\000n}{section.3.1}% 17
\BOOKMARK [2][-]{subsection.3.1.2}{\376\377\000T\000h\000i\000s\000\040\000i\000s\000\040\000a\000\040\000s\000u\000b\000s\000e\000c\000t\000i\000o\000n}{section.3.1}% 18
\BOOKMARK [1][-]{section.3.2}{\376\377\000T\000h\000i\000s\000\040\000i\000s\000\040\000a\000\040\000s\000e\000c\000t\000i\000o\000n}{chapter.3}% 19
\BOOKMARK [2][-]{subsection.3.2.1}{\376\377\000T\000h\000i\000s\000\040\000i\000s\000\040\000a\000\040\000s\000u\000b\000s\000e\000c\000t\000i\000o\000n}{section.3.2}% 20
\BOOKMARK [2][-]{subsection.3.2.2}{\376\377\000T\000h\000i\000s\000\040\000i\000s\000\040\000a\000\040\000s\000u\000b\000s\000e\000c\000t\000i\000o\000n}{section.3.2}% 21
\BOOKMARK [0][-]{chapter.4}{\376\377\000T\000h\000i\000s\000\040\000i\000s\000\040\000a\000\040\000C\000h\000a\000p\000t\000e\000r}{}% 22
\BOOKMARK [1][-]{section.4.1}{\376\377\000T\000h\000i\000s\000\040\000i\000s\000\040\000a\000\040\000s\000e\000c\000t\000i\000o\000n}{chapter.4}% 23
\BOOKMARK [2][-]{subsection.4.1.1}{\376\377\000T\000h\000i\000s\000\040\000i\000s\000\040\000a\000\040\000s\000u\000b\000s\000e\000c\000t\000i\000o\000n}{section.4.1}% 24
\BOOKMARK [2][-]{subsection.4.1.2}{\376\377\000T\000h\000i\000s\000\040\000i\000s\000\040\000a\000\040\000s\000u\000b\000s\000e\000c\000t\000i\000o\000n}{section.4.1}% 25
\BOOKMARK [1][-]{section.4.2}{\376\377\000T\000h\000i\000s\000\040\000i\000s\000\040\000a\000\040\000s\000e\000c\000t\000i\000o\000n}{chapter.4}% 26
\BOOKMARK [2][-]{subsection.4.2.1}{\376\377\000T\000h\000i\000s\000\040\000i\000s\000\040\000a\000\040\000s\000u\000b\000s\000e\000c\000t\000i\000o\000n}{section.4.2}% 27
\BOOKMARK [2][-]{subsection.4.2.2}{\376\377\000T\000h\000i\000s\000\040\000i\000s\000\040\000a\000\040\000s\000u\000b\000s\000e\000c\000t\000i\000o\000n}{section.4.2}% 28
\BOOKMARK [0][-]{appendix.A}{\376\377\000T\000h\000i\000s\000\040\000i\000s\000\040\000a\000\040\000C\000h\000a\000p\000t\000e\000r}{}% 29
\BOOKMARK [1][-]{section.A.1}{\376\377\000T\000h\000i\000s\000\040\000i\000s\000\040\000a\000\040\000s\000e\000c\000t\000i\000o\000n}{appendix.A}% 30
\BOOKMARK [2][-]{subsection.A.1.1}{\376\377\000T\000h\000i\000s\000\040\000i\000s\000\040\000a\000\040\000s\000u\000b\000s\000e\000c\000t\000i\000o\000n}{section.A.1}% 31
\BOOKMARK [2][-]{subsection.A.1.2}{\376\377\000T\000h\000i\000s\000\040\000i\000s\000\040\000a\000\040\000s\000u\000b\000s\000e\000c\000t\000i\000o\000n}{section.A.1}% 32
\BOOKMARK [1][-]{section.A.2}{\376\377\000T\000h\000i\000s\000\040\000i\000s\000\040\000a\000\040\000s\000e\000c\000t\000i\000o\000n}{appendix.A}% 33
\BOOKMARK [2][-]{subsection.A.2.1}{\376\377\000T\000h\000i\000s\000\040\000i\000s\000\040\000a\000\040\000s\000u\000b\000s\000e\000c\000t\000i\000o\000n}{section.A.2}% 34
\BOOKMARK [2][-]{subsection.A.2.2}{\376\377\000T\000h\000i\000s\000\040\000i\000s\000\040\000a\000\040\000s\000u\000b\000s\000e\000c\000t\000i\000o\000n}{section.A.2}% 35
\BOOKMARK [0][-]{appendix.B}{\376\377\000T\000h\000i\000s\000\040\000i\000s\000\040\000a\000\040\000C\000h\000a\000p\000t\000e\000r}{}% 36
\BOOKMARK [1][-]{section.B.1}{\376\377\000T\000h\000i\000s\000\040\000i\000s\000\040\000a\000\040\000s\000e\000c\000t\000i\000o\000n}{appendix.B}% 37
\BOOKMARK [2][-]{subsection.B.1.1}{\376\377\000T\000h\000i\000s\000\040\000i\000s\000\040\000a\000\040\000s\000u\000b\000s\000e\000c\000t\000i\000o\000n}{section.B.1}% 38
\BOOKMARK [2][-]{subsection.B.1.2}{\376\377\000T\000h\000i\000s\000\040\000i\000s\000\040\000a\000\040\000s\000u\000b\000s\000e\000c\000t\000i\000o\000n}{section.B.1}% 39
\BOOKMARK [1][-]{section.B.2}{\376\377\000T\000h\000i\000s\000\040\000i\000s\000\040\000a\000\040\000s\000e\000c\000t\000i\000o\000n}{appendix.B}% 40
\BOOKMARK [2][-]{subsection.B.2.1}{\376\377\000T\000h\000i\000s\000\040\000i\000s\000\040\000a\000\040\000s\000u\000b\000s\000e\000c\000t\000i\000o\000n}{section.B.2}% 41
\BOOKMARK [2][-]{subsection.B.2.2}{\376\377\000T\000h\000i\000s\000\040\000i\000s\000\040\000a\000\040\000s\000u\000b\000s\000e\000c\000t\000i\000o\000n}{section.B.2}% 42
